<?xml version="1.0" encoding="UTF-8"?>
<testsuite xmlns:xsi="http://www.w3.org/2001/XMLSchema-instance" xsi:noNamespaceSchemaLocation="https://maven.apache.org/surefire/maven-surefire-plugin/xsd/surefire-test-report.xsd" name="com.aliyun.openservice.IotxAsBridgeSdkCoreDemoApplicationTests" time="2.204" tests="1" errors="0" skipped="0" failures="0">
  <properties>
    <property name="java.specification.version" value="13"/>
    <property name="sun.cpu.isalist" value="amd64"/>
    <property name="sun.jnu.encoding" value="GBK"/>
    <property name="java.class.path" value="F:\svn\Java\iotx-as-bridge-sdk-core-demo\target\test-classes;F:\svn\Java\iotx-as-bridge-sdk-core-demo\target\classes;D:\eclipse\Maven-Repository\org\springframework\boot\spring-boot-starter\2.2.1.RELEASE\spring-boot-starter-2.2.1.RELEASE.jar;D:\eclipse\Maven-Repository\org\springframework\boot\spring-boot\2.2.1.RELEASE\spring-boot-2.2.1.RELEASE.jar;D:\eclipse\Maven-Repository\org\springframework\spring-context\5.2.1.RELEASE\spring-context-5.2.1.RELEASE.jar;D:\eclipse\Maven-Repository\org\springframework\spring-aop\5.2.1.RELEASE\spring-aop-5.2.1.RELEASE.jar;D:\eclipse\Maven-Repository\org\springframework\spring-beans\5.2.1.RELEASE\spring-beans-5.2.1.RELEASE.jar;D:\eclipse\Maven-Repository\org\springframework\spring-expression\5.2.1.RELEASE\spring-expression-5.2.1.RELEASE.jar;D:\eclipse\Maven-Repository\org\springframework\boot\spring-boot-autoconfigure\2.2.1.RELEASE\spring-boot-autoconfigure-2.2.1.RELEASE.jar;D:\eclipse\Maven-Repository\org\springframework\boot\spring-boot-starter-logging\2.2.1.RELEASE\spring-boot-starter-logging-2.2.1.RELEASE.jar;D:\eclipse\Maven-Repository\ch\qos\logback\logback-classic\1.2.3\logback-classic-1.2.3.jar;D:\eclipse\Maven-Repository\ch\qos\logback\logback-core\1.2.3\logback-core-1.2.3.jar;D:\eclipse\Maven-Repository\org\apache\logging\log4j\log4j-to-slf4j\2.12.1\log4j-to-slf4j-2.12.1.jar;D:\eclipse\Maven-Repository\org\apache\logging\log4j\log4j-api\2.12.1\log4j-api-2.12.1.jar;D:\eclipse\Maven-Repository\org\slf4j\jul-to-slf4j\1.7.29\jul-to-slf4j-1.7.29.jar;D:\eclipse\Maven-Repository\jakarta\annotation\jakarta.annotation-api\1.3.5\jakarta.annotation-api-1.3.5.jar;D:\eclipse\Maven-Repository\org\springframework\spring-core\5.2.1.RELEASE\spring-core-5.2.1.RELEASE.jar;D:\eclipse\Maven-Repository\org\springframework\spring-jcl\5.2.1.RELEASE\spring-jcl-5.2.1.RELEASE.jar;D:\eclipse\Maven-Repository\org\yaml\snakeyaml\1.25\snakeyaml-1.25.jar;D:\eclipse\Maven-Repository\com\google\code\gson\gson\2.8.6\gson-2.8.6.jar;D:\eclipse\Maven-Repository\com\aliyun\openservices\iot-as-bridge-sdk-core\2.0.1\iot-as-bridge-sdk-core-2.0.1.jar;D:\eclipse\Maven-Repository\com\aliyun\aliyun-java-sdk-iot\5.0.0\aliyun-java-sdk-iot-5.0.0.jar;D:\eclipse\Maven-Repository\com\aliyun\aliyun-java-sdk-core\3.5.1\aliyun-java-sdk-core-3.5.1.jar;D:\eclipse\Maven-Repository\org\json\json\20170516\json-20170516.jar;D:\eclipse\Maven-Repository\com\aliyun\openservices\iot-client-message\1.1.0\iot-client-message-1.1.0.jar;D:\eclipse\Maven-Repository\com\aliyun\openservices\iot-client-base\1.1.0\iot-client-base-1.1.0.jar;D:\eclipse\Maven-Repository\commons-codec\commons-codec\1.13\commons-codec-1.13.jar;D:\eclipse\Maven-Repository\com\github\rholder\guava-retrying\2.0.0\guava-retrying-2.0.0.jar;D:\eclipse\Maven-Repository\com\google\code\findbugs\jsr305\2.0.2\jsr305-2.0.2.jar;D:\eclipse\Maven-Repository\io\netty\netty-all\4.1.43.Final\netty-all-4.1.43.Final.jar;D:\eclipse\Maven-Repository\org\projectlombok\lombok\1.18.10\lombok-1.18.10.jar;D:\eclipse\Maven-Repository\com\google\guava\guava\23.6-jre\guava-23.6-jre.jar;D:\eclipse\Maven-Repository\org\checkerframework\checker-compat-qual\2.0.0\checker-compat-qual-2.0.0.jar;D:\eclipse\Maven-Repository\com\google\errorprone\error_prone_annotations\2.1.3\error_prone_annotations-2.1.3.jar;D:\eclipse\Maven-Repository\com\google\j2objc\j2objc-annotations\1.1\j2objc-annotations-1.1.jar;D:\eclipse\Maven-Repository\org\codehaus\mojo\animal-sniffer-annotations\1.14\animal-sniffer-annotations-1.14.jar;D:\eclipse\Maven-Repository\org\slf4j\slf4j-api\1.7.29\slf4j-api-1.7.29.jar;D:\eclipse\Maven-Repository\org\slf4j\slf4j-simple\1.7.29\slf4j-simple-1.7.29.jar;D:\eclipse\Maven-Repository\com\typesafe\config\1.3.3\config-1.3.3.jar;D:\eclipse\Maven-Repository\com\alibaba\fastjson\1.2.50\fastjson-1.2.50.jar;D:\eclipse\Maven-Repository\org\apache\httpcomponents\httpclient\4.5.10\httpclient-4.5.10.jar;D:\eclipse\Maven-Repository\org\apache\httpcomponents\httpcore\4.4.12\httpcore-4.4.12.jar;D:\eclipse\Maven-Repository\org\springframework\boot\spring-boot-starter-test\2.2.1.RELEASE\spring-boot-starter-test-2.2.1.RELEASE.jar;D:\eclipse\Maven-Repository\org\springframework\boot\spring-boot-test\2.2.1.RELEASE\spring-boot-test-2.2.1.RELEASE.jar;D:\eclipse\Maven-Repository\org\springframework\boot\spring-boot-test-autoconfigure\2.2.1.RELEASE\spring-boot-test-autoconfigure-2.2.1.RELEASE.jar;D:\eclipse\Maven-Repository\com\jayway\jsonpath\json-path\2.4.0\json-path-2.4.0.jar;D:\eclipse\Maven-Repository\net\minidev\json-smart\2.3\json-smart-2.3.jar;D:\eclipse\Maven-Repository\net\minidev\accessors-smart\1.2\accessors-smart-1.2.jar;D:\eclipse\Maven-Repository\org\ow2\asm\asm\5.0.4\asm-5.0.4.jar;D:\eclipse\Maven-Repository\jakarta\xml\bind\jakarta.xml.bind-api\2.3.2\jakarta.xml.bind-api-2.3.2.jar;D:\eclipse\Maven-Repository\jakarta\activation\jakarta.activation-api\1.2.1\jakarta.activation-api-1.2.1.jar;D:\eclipse\Maven-Repository\org\junit\jupiter\junit-jupiter\5.5.2\junit-jupiter-5.5.2.jar;D:\eclipse\Maven-Repository\org\junit\jupiter\junit-jupiter-api\5.5.2\junit-jupiter-api-5.5.2.jar;D:\eclipse\Maven-Repository\org\apiguardian\apiguardian-api\1.1.0\apiguardian-api-1.1.0.jar;D:\eclipse\Maven-Repository\org\opentest4j\opentest4j\1.2.0\opentest4j-1.2.0.jar;D:\eclipse\Maven-Repository\org\junit\platform\junit-platform-commons\1.5.2\junit-platform-commons-1.5.2.jar;D:\eclipse\Maven-Repository\org\junit\jupiter\junit-jupiter-params\5.5.2\junit-jupiter-params-5.5.2.jar;D:\eclipse\Maven-Repository\org\junit\jupiter\junit-jupiter-engine\5.5.2\junit-jupiter-engine-5.5.2.jar;D:\eclipse\Maven-Repository\org\junit\platform\junit-platform-engine\1.5.2\junit-platform-engine-1.5.2.jar;D:\eclipse\Maven-Repository\org\mockito\mockito-junit-jupiter\3.1.0\mockito-junit-jupiter-3.1.0.jar;D:\eclipse\Maven-Repository\org\assertj\assertj-core\3.13.2\assertj-core-3.13.2.jar;D:\eclipse\Maven-Repository\org\hamcrest\hamcrest\2.1\hamcrest-2.1.jar;D:\eclipse\Maven-Repository\org\mockito\mockito-core\3.1.0\mockito-core-3.1.0.jar;D:\eclipse\Maven-Repository\net\bytebuddy\byte-buddy\1.10.2\byte-buddy-1.10.2.jar;D:\eclipse\Maven-Repository\net\bytebuddy\byte-buddy-agent\1.10.2\byte-buddy-agent-1.10.2.jar;D:\eclipse\Maven-Repository\org\objenesis\objenesis\2.6\objenesis-2.6.jar;D:\eclipse\Maven-Repository\org\skyscreamer\jsonassert\1.5.0\jsonassert-1.5.0.jar;D:\eclipse\Maven-Repository\com\vaadin\external\google\android-json\0.0.20131108.vaadin1\android-json-0.0.20131108.vaadin1.jar;D:\eclipse\Maven-Repository\org\springframework\spring-test\5.2.1.RELEASE\spring-test-5.2.1.RELEASE.jar;D:\eclipse\Maven-Repository\org\xmlunit\xmlunit-core\2.6.3\xmlunit-core-2.6.3.jar;"/>
    <property name="java.vm.vendor" value="Oracle Corporation"/>
    <property name="sun.arch.data.model" value="64"/>
    <property name="user.variant" value=""/>
    <property name="java.vendor.url" value="https://java.oracle.com/"/>
    <property name="user.timezone" value="Asia/Shanghai"/>
    <property name="os.name" value="Windows 10"/>
    <property name="java.vm.specification.version" value="13"/>
    <property name="sun.java.launcher" value="SUN_STANDARD"/>
    <property name="user.country" value="CN"/>
    <property name="sun.boot.library.path" value="D:\Program Files\Java\jdk-13.0.1\bin"/>
    <property name="sun.java.command" value="C:\Users\Zoey\AppData\Local\Temp\surefire9567040015016820399\surefirebooter7131417763349564871.jar C:\Users\Zoey\AppData\Local\Temp\surefire9567040015016820399 2019-12-02T14-32-00_924-jvmRun1 surefire2683220123897216452tmp surefire_018229859172111104819tmp"/>
    <property name="jdk.debug" value="release"/>
    <property name="surefire.test.class.path" value="F:\svn\Java\iotx-as-bridge-sdk-core-demo\target\test-classes;F:\svn\Java\iotx-as-bridge-sdk-core-demo\target\classes;D:\eclipse\Maven-Repository\org\springframework\boot\spring-boot-starter\2.2.1.RELEASE\spring-boot-starter-2.2.1.RELEASE.jar;D:\eclipse\Maven-Repository\org\springframework\boot\spring-boot\2.2.1.RELEASE\spring-boot-2.2.1.RELEASE.jar;D:\eclipse\Maven-Repository\org\springframework\spring-context\5.2.1.RELEASE\spring-context-5.2.1.RELEASE.jar;D:\eclipse\Maven-Repository\org\springframework\spring-aop\5.2.1.RELEASE\spring-aop-5.2.1.RELEASE.jar;D:\eclipse\Maven-Repository\org\springframework\spring-beans\5.2.1.RELEASE\spring-beans-5.2.1.RELEASE.jar;D:\eclipse\Maven-Repository\org\springframework\spring-expression\5.2.1.RELEASE\spring-expression-5.2.1.RELEASE.jar;D:\eclipse\Maven-Repository\org\springframework\boot\spring-boot-autoconfigure\2.2.1.RELEASE\spring-boot-autoconfigure-2.2.1.RELEASE.jar;D:\eclipse\Maven-Repository\org\springframework\boot\spring-boot-starter-logging\2.2.1.RELEASE\spring-boot-starter-logging-2.2.1.RELEASE.jar;D:\eclipse\Maven-Repository\ch\qos\logback\logback-classic\1.2.3\logback-classic-1.2.3.jar;D:\eclipse\Maven-Repository\ch\qos\logback\logback-core\1.2.3\logback-core-1.2.3.jar;D:\eclipse\Maven-Repository\org\apache\logging\log4j\log4j-to-slf4j\2.12.1\log4j-to-slf4j-2.12.1.jar;D:\eclipse\Maven-Repository\org\apache\logging\log4j\log4j-api\2.12.1\log4j-api-2.12.1.jar;D:\eclipse\Maven-Repository\org\slf4j\jul-to-slf4j\1.7.29\jul-to-slf4j-1.7.29.jar;D:\eclipse\Maven-Repository\jakarta\annotation\jakarta.annotation-api\1.3.5\jakarta.annotation-api-1.3.5.jar;D:\eclipse\Maven-Repository\org\springframework\spring-core\5.2.1.RELEASE\spring-core-5.2.1.RELEASE.jar;D:\eclipse\Maven-Repository\org\springframework\spring-jcl\5.2.1.RELEASE\spring-jcl-5.2.1.RELEASE.jar;D:\eclipse\Maven-Repository\org\yaml\snakeyaml\1.25\snakeyaml-1.25.jar;D:\eclipse\Maven-Repository\com\google\code\gson\gson\2.8.6\gson-2.8.6.jar;D:\eclipse\Maven-Repository\com\aliyun\openservices\iot-as-bridge-sdk-core\2.0.1\iot-as-bridge-sdk-core-2.0.1.jar;D:\eclipse\Maven-Repository\com\aliyun\aliyun-java-sdk-iot\5.0.0\aliyun-java-sdk-iot-5.0.0.jar;D:\eclipse\Maven-Repository\com\aliyun\aliyun-java-sdk-core\3.5.1\aliyun-java-sdk-core-3.5.1.jar;D:\eclipse\Maven-Repository\org\json\json\20170516\json-20170516.jar;D:\eclipse\Maven-Repository\com\aliyun\openservices\iot-client-message\1.1.0\iot-client-message-1.1.0.jar;D:\eclipse\Maven-Repository\com\aliyun\openservices\iot-client-base\1.1.0\iot-client-base-1.1.0.jar;D:\eclipse\Maven-Repository\commons-codec\commons-codec\1.13\commons-codec-1.13.jar;D:\eclipse\Maven-Repository\com\github\rholder\guava-retrying\2.0.0\guava-retrying-2.0.0.jar;D:\eclipse\Maven-Repository\com\google\code\findbugs\jsr305\2.0.2\jsr305-2.0.2.jar;D:\eclipse\Maven-Repository\io\netty\netty-all\4.1.43.Final\netty-all-4.1.43.Final.jar;D:\eclipse\Maven-Repository\org\projectlombok\lombok\1.18.10\lombok-1.18.10.jar;D:\eclipse\Maven-Repository\com\google\guava\guava\23.6-jre\guava-23.6-jre.jar;D:\eclipse\Maven-Repository\org\checkerframework\checker-compat-qual\2.0.0\checker-compat-qual-2.0.0.jar;D:\eclipse\Maven-Repository\com\google\errorprone\error_prone_annotations\2.1.3\error_prone_annotations-2.1.3.jar;D:\eclipse\Maven-Repository\com\google\j2objc\j2objc-annotations\1.1\j2objc-annotations-1.1.jar;D:\eclipse\Maven-Repository\org\codehaus\mojo\animal-sniffer-annotations\1.14\animal-sniffer-annotations-1.14.jar;D:\eclipse\Maven-Repository\org\slf4j\slf4j-api\1.7.29\slf4j-api-1.7.29.jar;D:\eclipse\Maven-Repository\org\slf4j\slf4j-simple\1.7.29\slf4j-simple-1.7.29.jar;D:\eclipse\Maven-Repository\com\typesafe\config\1.3.3\config-1.3.3.jar;D:\eclipse\Maven-Repository\com\alibaba\fastjson\1.2.50\fastjson-1.2.50.jar;D:\eclipse\Maven-Repository\org\apache\httpcomponents\httpclient\4.5.10\httpclient-4.5.10.jar;D:\eclipse\Maven-Repository\org\apache\httpcomponents\httpcore\4.4.12\httpcore-4.4.12.jar;D:\eclipse\Maven-Repository\org\springframework\boot\spring-boot-starter-test\2.2.1.RELEASE\spring-boot-starter-test-2.2.1.RELEASE.jar;D:\eclipse\Maven-Repository\org\springframework\boot\spring-boot-test\2.2.1.RELEASE\spring-boot-test-2.2.1.RELEASE.jar;D:\eclipse\Maven-Repository\org\springframework\boot\spring-boot-test-autoconfigure\2.2.1.RELEASE\spring-boot-test-autoconfigure-2.2.1.RELEASE.jar;D:\eclipse\Maven-Repository\com\jayway\jsonpath\json-path\2.4.0\json-path-2.4.0.jar;D:\eclipse\Maven-Repository\net\minidev\json-smart\2.3\json-smart-2.3.jar;D:\eclipse\Maven-Repository\net\minidev\accessors-smart\1.2\accessors-smart-1.2.jar;D:\eclipse\Maven-Repository\org\ow2\asm\asm\5.0.4\asm-5.0.4.jar;D:\eclipse\Maven-Repository\jakarta\xml\bind\jakarta.xml.bind-api\2.3.2\jakarta.xml.bind-api-2.3.2.jar;D:\eclipse\Maven-Repository\jakarta\activation\jakarta.activation-api\1.2.1\jakarta.activation-api-1.2.1.jar;D:\eclipse\Maven-Repository\org\junit\jupiter\junit-jupiter\5.5.2\junit-jupiter-5.5.2.jar;D:\eclipse\Maven-Repository\org\junit\jupiter\junit-jupiter-api\5.5.2\junit-jupiter-api-5.5.2.jar;D:\eclipse\Maven-Repository\org\apiguardian\apiguardian-api\1.1.0\apiguardian-api-1.1.0.jar;D:\eclipse\Maven-Repository\org\opentest4j\opentest4j\1.2.0\opentest4j-1.2.0.jar;D:\eclipse\Maven-Repository\org\junit\platform\junit-platform-commons\1.5.2\junit-platform-commons-1.5.2.jar;D:\eclipse\Maven-Repository\org\junit\jupiter\junit-jupiter-params\5.5.2\junit-jupiter-params-5.5.2.jar;D:\eclipse\Maven-Repository\org\junit\jupiter\junit-jupiter-engine\5.5.2\junit-jupiter-engine-5.5.2.jar;D:\eclipse\Maven-Repository\org\junit\platform\junit-platform-engine\1.5.2\junit-platform-engine-1.5.2.jar;D:\eclipse\Maven-Repository\org\mockito\mockito-junit-jupiter\3.1.0\mockito-junit-jupiter-3.1.0.jar;D:\eclipse\Maven-Repository\org\assertj\assertj-core\3.13.2\assertj-core-3.13.2.jar;D:\eclipse\Maven-Repository\org\hamcrest\hamcrest\2.1\hamcrest-2.1.jar;D:\eclipse\Maven-Repository\org\mockito\mockito-core\3.1.0\mockito-core-3.1.0.jar;D:\eclipse\Maven-Repository\net\bytebuddy\byte-buddy\1.10.2\byte-buddy-1.10.2.jar;D:\eclipse\Maven-Repository\net\bytebuddy\byte-buddy-agent\1.10.2\byte-buddy-agent-1.10.2.jar;D:\eclipse\Maven-Repository\org\objenesis\objenesis\2.6\objenesis-2.6.jar;D:\eclipse\Maven-Repository\org\skyscreamer\jsonassert\1.5.0\jsonassert-1.5.0.jar;D:\eclipse\Maven-Repository\com\vaadin\external\google\android-json\0.0.20131108.vaadin1\android-json-0.0.20131108.vaadin1.jar;D:\eclipse\Maven-Repository\org\springframework\spring-test\5.2.1.RELEASE\spring-test-5.2.1.RELEASE.jar;D:\eclipse\Maven-Repository\org\xmlunit\xmlunit-core\2.6.3\xmlunit-core-2.6.3.jar;"/>
    <property name="sun.cpu.endian" value="little"/>
    <property name="user.home" value="C:\Users\Zoey"/>
    <property name="user.language" value="zh"/>
    <property name="java.specification.vendor" value="Oracle Corporation"/>
    <property name="java.version.date" value="2019-10-15"/>
    <property name="java.home" value="D:\Program Files\Java\jdk-13.0.1"/>
    <property name="file.separator" value="\"/>
    <property name="basedir" value="F:\svn\Java\iotx-as-bridge-sdk-core-demo"/>
    <property name="java.vm.compressedOopsMode" value="32-bit"/>
    <property name="line.separator" value="&#10;"/>
    <property name="java.vm.specification.vendor" value="Oracle Corporation"/>
    <property name="java.specification.name" value="Java Platform API Specification"/>
    <property name="surefire.real.class.path" value="C:\Users\Zoey\AppData\Local\Temp\surefire9567040015016820399\surefirebooter7131417763349564871.jar"/>
    <property name="user.script" value=""/>
    <property name="sun.management.compiler" value="HotSpot 64-Bit Tiered Compilers"/>
    <property name="java.runtime.version" value="13.0.1+9"/>
    <property name="user.name" value="Zoey"/>
    <property name="path.separator" value=";"/>
    <property name="os.version" value="10.0"/>
    <property name="java.runtime.name" value="Java(TM) SE Runtime Environment"/>
    <property name="file.encoding" value="GBK"/>
    <property name="java.vm.name" value="Java HotSpot(TM) 64-Bit Server VM"/>
    <property name="localRepository" value="D:\eclipse\Maven-Repository"/>
    <property name="java.vendor.url.bug" value="https://bugreport.java.com/bugreport/"/>
    <property name="java.io.tmpdir" value="C:\Users\Zoey\AppData\Local\Temp\"/>
    <property name="java.version" value="13.0.1"/>
    <property name="user.dir" value="F:\svn\Java\iotx-as-bridge-sdk-core-demo"/>
    <property name="os.arch" value="amd64"/>
    <property name="java.vm.specification.name" value="Java Virtual Machine Specification"/>
    <property name="sun.os.patch.level" value=""/>
    <property name="java.library.path" value="D:\Program Files\Java\jdk-13.0.1\bin;C:\WINDOWS\Sun\Java\bin;C:\WINDOWS\system32;C:\WINDOWS;D:/Program Files/Java/jdk-13.0.1/bin/server;D:/Program Files/Java/jdk-13.0.1/bin;C:\Program Files (x86)\Common Files\Intel\Shared Files\cpp\bin\Intel64;C:\Perl64\site\bin;C:\Perl64\bin;C:\WINDOWS\system32;C:\WINDOWS;C:\WINDOWS\System32\Wbem;C:\WINDOWS\System32\WindowsPowerShell\v1.0\;C:\WINDOWS\System32\OpenSSH\;D:\Qt\Qt5.6.3\5.6.3\msvc2013\bin;D:\Qt\Qt5.6.3\5.6.3\msvc2013\lib;C:\Program Files (x86)\Microsoft SQL Server\100\Tools\Binn\;C:\Program Files (x86)\Microsoft SQL Server\100\DTS\Binn\;C:\Program Files (x86)\Microsoft SQL Server\100\Tools\Binn\VSShell\Common7\IDE\;C:\Program Files (x86)\Microsoft Visual Studio 9.0\Common7\IDE\PrivateAssemblies\;d:\Program Files\Git\cmd;D:\mongodb4.0.6\bin;C:\Program Files\nodejs\;C:\Program Files (x86)\Yarn\bin\;C:\Program Files\TortoiseSVN\bin;D:\Program Files\VisualSVN Server\bin;C:\Program Files\dotnet\;D:\Program Files\Java\jdk-13.0.1\bin;;C:\Users\Zoey\AppData\Local\Microsoft\WindowsApps;d:\Program Files\Bandizip\;D:\Program Files\Microsoft VS Code\bin;C:\Users\Zoey\AppData\Local\Microsoft\WindowsApps;C:\Users\Zoey\AppData\Roaming\npm;C:\Users\Zoey\AppData\Local\Yarn\bin;D:\eclipse;;."/>
    <property name="java.vm.info" value="mixed mode, sharing"/>
    <property name="java.vendor" value="Oracle Corporation"/>
    <property name="java.vm.version" value="13.0.1+9"/>
    <property name="sun.io.unicode.encoding" value="UnicodeLittle"/>
    <property name="java.class.version" value="57.0"/>
  </properties>
  <testcase name="contextLoads" classname="com.aliyun.openservice.IotxAsBridgeSdkCoreDemoApplicationTests" time="0.636"/>
</testsuite>